<?xml version="1.0" encoding="UTF-8"?>
<testng-results skipped="0" failed="0" total="1" passed="1">
  <reporter-output>
  </reporter-output>
  <suite name="Suite" duration-ms="48794" started-at="2016-12-29T03:43:43Z" finished-at="2016-12-29T03:44:32Z">
    <groups>
    </groups>
    <test name="Test" duration-ms="48794" started-at="2016-12-29T03:43:43Z" finished-at="2016-12-29T03:44:32Z">
      <class name="MavenGmailSCM.MavenGmail.GmailLogin">
        <test-method status="PASS" signature="setUp()[pri:0, instance:MavenGmailSCM.MavenGmail.GmailLogin@edf4efb]" name="setUp" is-config="true" duration-ms="44175" started-at="2016-12-28T19:43:43Z" finished-at="2016-12-28T19:44:27Z">
          <reporter-output>
          </reporter-output>
        </test-method> <!-- setUp -->
        <test-method status="PASS" signature="LoginTest()[pri:0, instance:MavenGmailSCM.MavenGmail.GmailLogin@edf4efb]" name="LoginTest" duration-ms="1234" started-at="2016-12-28T19:44:27Z" finished-at="2016-12-28T19:44:28Z">
          <reporter-output>
          </reporter-output>
        </test-method> <!-- LoginTest -->
        <test-method status="PASS" signature="tearDown()[pri:0, instance:MavenGmailSCM.MavenGmail.GmailLogin@edf4efb]" name="tearDown" is-config="true" duration-ms="3373" started-at="2016-12-28T19:44:28Z" finished-at="2016-12-28T19:44:32Z">
          <reporter-output>
          </reporter-output>
        </test-method> <!-- tearDown -->
      </class> <!-- MavenGmailSCM.MavenGmail.GmailLogin -->
    </test> <!-- Test -->
  </suite> <!-- Suite -->
</testng-results>
