<?xml version="1.0" encoding="UTF-8"?>
<testng-results skipped="0" failed="0" total="1" passed="1">
  <reporter-output>
  </reporter-output>
  <suite name="Default suite" duration-ms="26433" started-at="2016-12-27T00:06:54Z" finished-at="2016-12-27T00:07:20Z">
    <groups>
    </groups>
    <test name="Default test" duration-ms="26433" started-at="2016-12-27T00:06:54Z" finished-at="2016-12-27T00:07:20Z">
      <class name="MavenGmailSCM.MavenGmail.GmailLogin">
        <test-method status="PASS" signature="setUp()[pri:0, instance:MavenGmailSCM.MavenGmail.GmailLogin@5c7fa833]" name="setUp" is-config="true" duration-ms="14297" started-at="2016-12-26T16:06:54Z" finished-at="2016-12-26T16:07:08Z">
          <reporter-output>
          </reporter-output>
        </test-method> <!-- setUp -->
        <test-method status="PASS" signature="LoginTest()[pri:0, instance:MavenGmailSCM.MavenGmail.GmailLogin@5c7fa833]" name="LoginTest" duration-ms="8732" started-at="2016-12-26T16:07:08Z" finished-at="2016-12-26T16:07:17Z">
          <reporter-output>
          </reporter-output>
        </test-method> <!-- LoginTest -->
        <test-method status="PASS" signature="tearDown()[pri:0, instance:MavenGmailSCM.MavenGmail.GmailLogin@5c7fa833]" name="tearDown" is-config="true" duration-ms="3361" started-at="2016-12-26T16:07:17Z" finished-at="2016-12-26T16:07:20Z">
          <reporter-output>
          </reporter-output>
        </test-method> <!-- tearDown -->
      </class> <!-- MavenGmailSCM.MavenGmail.GmailLogin -->
    </test> <!-- Default test -->
  </suite> <!-- Default suite -->
</testng-results>
